{"/home/grace/javascript-capstone-project/modules/items.js": {"path":"/home/grace/javascript-capstone-project/modules/items.js","statementMap":{"0":{"start":{"line":6,"column":15},"end":{"line":6,"column":60}},"1":{"start":{"line":7,"column":25},"end":{"line":18,"column":3}},"2":{"start":{"line":8,"column":21},"end":{"line":8,"column":42}},"3":{"start":{"line":9,"column":17},"end":{"line":9,"column":38}},"4":{"start":{"line":10,"column":16},"end":{"line":10,"column":17}},"5":{"start":{"line":11,"column":4},"end":{"line":15,"column":7}},"6":{"start":{"line":12,"column":6},"end":{"line":14,"column":7}},"7":{"start":{"line":13,"column":8},"end":{"line":13,"column":19}},"8":{"start":{"line":17,"column":4},"end":{"line":17,"column":17}},"9":{"start":{"line":20,"column":25},"end":{"line":114,"column":3}},"10":{"start":{"line":21,"column":21},"end":{"line":21,"column":42}},"11":{"start":{"line":22,"column":17},"end":{"line":22,"column":38}},"12":{"start":{"line":23,"column":27},"end":{"line":23,"column":69}},"13":{"start":{"line":24,"column":18},"end":{"line":24,"column":50}},"14":{"start":{"line":26,"column":4},"end":{"line":43,"column":7}},"15":{"start":{"line":27,"column":6},"end":{"line":41,"column":7}},"16":{"start":{"line":28,"column":20},"end":{"line":28,"column":49}},"17":{"start":{"line":29,"column":8},"end":{"line":29,"column":40}},"18":{"start":{"line":30,"column":8},"end":{"line":39,"column":69}},"19":{"start":{"line":40,"column":8},"end":{"line":40,"column":40}},"20":{"start":{"line":44,"column":24},"end":{"line":44,"column":60}},"21":{"start":{"line":45,"column":4},"end":{"line":111,"column":7}},"22":{"start":{"line":46,"column":6},"end":{"line":110,"column":9}},"23":{"start":{"line":47,"column":19},"end":{"line":47,"column":46}},"24":{"start":{"line":48,"column":22},"end":{"line":50,"column":17}},"25":{"start":{"line":49,"column":20},"end":{"line":49,"column":53}},"26":{"start":{"line":51,"column":25},"end":{"line":101,"column":15}},"27":{"start":{"line":103,"column":8},"end":{"line":103,"column":64}},"28":{"start":{"line":104,"column":25},"end":{"line":104,"column":58}},"29":{"start":{"line":105,"column":8},"end":{"line":107,"column":10}},"30":{"start":{"line":106,"column":10},"end":{"line":106,"column":56}},"31":{"start":{"line":108,"column":8},"end":{"line":108,"column":32}},"32":{"start":{"line":109,"column":8},"end":{"line":109,"column":32}},"33":{"start":{"line":117,"column":28},"end":{"line":134,"column":5}},"34":{"start":{"line":118,"column":23},"end":{"line":118,"column":58}},"35":{"start":{"line":119,"column":22},"end":{"line":119,"column":56}},"36":{"start":{"line":120,"column":28},"end":{"line":120,"column":66}},"37":{"start":{"line":121,"column":6},"end":{"line":132,"column":9}},"38":{"start":{"line":122,"column":8},"end":{"line":122,"column":27}},"39":{"start":{"line":124,"column":8},"end":{"line":131,"column":13}},"40":{"start":{"line":126,"column":12},"end":{"line":130,"column":13}},"41":{"start":{"line":127,"column":14},"end":{"line":127,"column":38}},"42":{"start":{"line":128,"column":14},"end":{"line":128,"column":34}},"43":{"start":{"line":129,"column":14},"end":{"line":129,"column":33}},"44":{"start":{"line":137,"column":28},"end":{"line":150,"column":5}},"45":{"start":{"line":138,"column":6},"end":{"line":149,"column":9}},"46":{"start":{"line":139,"column":24},"end":{"line":139,"column":67}},"47":{"start":{"line":140,"column":22},"end":{"line":140,"column":62}},"48":{"start":{"line":141,"column":8},"end":{"line":141,"column":77}},"49":{"start":{"line":142,"column":8},"end":{"line":142,"column":31}},"50":{"start":{"line":143,"column":8},"end":{"line":148,"column":11}},"51":{"start":{"line":144,"column":30},"end":{"line":144,"column":58}},"52":{"start":{"line":146,"column":10},"end":{"line":146,"column":95}},"53":{"start":{"line":147,"column":10},"end":{"line":147,"column":43}}},"fnMap":{"0":{"name":"(anonymous_0)","decl":{"start":{"line":7,"column":25},"end":{"line":7,"column":26}},"loc":{"start":{"line":7,"column":37},"end":{"line":18,"column":3}},"line":7},"1":{"name":"(anonymous_1)","decl":{"start":{"line":11,"column":17},"end":{"line":11,"column":18}},"loc":{"start":{"line":11,"column":27},"end":{"line":15,"column":5}},"line":11},"2":{"name":"(anonymous_2)","decl":{"start":{"line":20,"column":25},"end":{"line":20,"column":26}},"loc":{"start":{"line":20,"column":37},"end":{"line":114,"column":3}},"line":20},"3":{"name":"(anonymous_3)","decl":{"start":{"line":26,"column":17},"end":{"line":26,"column":18}},"loc":{"start":{"line":26,"column":27},"end":{"line":43,"column":5}},"line":26},"4":{"name":"(anonymous_4)","decl":{"start":{"line":45,"column":24},"end":{"line":45,"column":25}},"loc":{"start":{"line":45,"column":33},"end":{"line":111,"column":5}},"line":45},"5":{"name":"(anonymous_5)","decl":{"start":{"line":46,"column":36},"end":{"line":46,"column":37}},"loc":{"start":{"line":46,"column":43},"end":{"line":110,"column":7}},"line":46},"6":{"name":"(anonymous_6)","decl":{"start":{"line":49,"column":10},"end":{"line":49,"column":11}},"loc":{"start":{"line":49,"column":20},"end":{"line":49,"column":53}},"line":49},"7":{"name":"(anonymous_7)","decl":{"start":{"line":105,"column":43},"end":{"line":105,"column":44}},"loc":{"start":{"line":105,"column":49},"end":{"line":107,"column":9}},"line":105},"8":{"name":"(anonymous_8)","decl":{"start":{"line":117,"column":28},"end":{"line":117,"column":29}},"loc":{"start":{"line":117,"column":36},"end":{"line":134,"column":5}},"line":117},"9":{"name":"(anonymous_9)","decl":{"start":{"line":121,"column":46},"end":{"line":121,"column":47}},"loc":{"start":{"line":121,"column":53},"end":{"line":132,"column":7}},"line":121},"10":{"name":"(anonymous_10)","decl":{"start":{"line":125,"column":16},"end":{"line":125,"column":17}},"loc":{"start":{"line":125,"column":26},"end":{"line":131,"column":11}},"line":125},"11":{"name":"(anonymous_11)","decl":{"start":{"line":137,"column":28},"end":{"line":137,"column":29}},"loc":{"start":{"line":137,"column":36},"end":{"line":150,"column":5}},"line":137},"12":{"name":"(anonymous_12)","decl":{"start":{"line":138,"column":38},"end":{"line":138,"column":39}},"loc":{"start":{"line":138,"column":48},"end":{"line":149,"column":7}},"line":138},"13":{"name":"(anonymous_13)","decl":{"start":{"line":143,"column":21},"end":{"line":143,"column":22}},"loc":{"start":{"line":143,"column":31},"end":{"line":148,"column":9}},"line":143}},"branchMap":{"0":{"loc":{"start":{"line":12,"column":6},"end":{"line":14,"column":7}},"type":"if","locations":[{"start":{"line":12,"column":6},"end":{"line":14,"column":7}},{"start":{},"end":{}}],"line":12},"1":{"loc":{"start":{"line":27,"column":6},"end":{"line":41,"column":7}},"type":"if","locations":[{"start":{"line":27,"column":6},"end":{"line":41,"column":7}},{"start":{},"end":{}}],"line":27},"2":{"loc":{"start":{"line":70,"column":17},"end":{"line":70,"column":59}},"type":"binary-expr","locations":[{"start":{"line":70,"column":17},"end":{"line":70,"column":40}},{"start":{"line":70,"column":44},"end":{"line":70,"column":59}}],"line":70},"3":{"loc":{"start":{"line":126,"column":12},"end":{"line":130,"column":13}},"type":"if","locations":[{"start":{"line":126,"column":12},"end":{"line":130,"column":13}},{"start":{},"end":{}}],"line":126}},"s":{"0":1,"1":1,"2":1,"3":1,"4":1,"5":1,"6":10,"7":9,"8":1,"9":1,"10":0,"11":0,"12":0,"13":0,"14":0,"15":0,"16":0,"17":0,"18":0,"19":0,"20":0,"21":0,"22":0,"23":0,"24":0,"25":0,"26":0,"27":0,"28":0,"29":0,"30":0,"31":0,"32":0,"33":1,"34":0,"35":0,"36":0,"37":0,"38":0,"39":0,"40":0,"41":0,"42":0,"43":0,"44":1,"45":0,"46":0,"47":0,"48":0,"49":0,"50":0,"51":0,"52":0,"53":0},"f":{"0":1,"1":10,"2":0,"3":0,"4":0,"5":0,"6":0,"7":0,"8":0,"9":0,"10":0,"11":0,"12":0,"13":0},"b":{"0":[9,1],"1":[0,0],"2":[0,0],"3":[0,0]},"_coverageSchema":"1a1c01bbd47fc00a2c39e90264f33305004495a9","hash":"e2f0ce071ba7699d38d554b8a32a54f4d4a2e69f"}
,"/home/grace/javascript-capstone-project/src/commentApi.js": {"path":"/home/grace/javascript-capstone-project/src/commentApi.js","statementMap":{"0":{"start":{"line":3,"column":4},"end":{"line":3,"column":107}},"1":{"start":{"line":5,"column":23},"end":{"line":10,"column":3}},"2":{"start":{"line":6,"column":21},"end":{"line":6,"column":68}},"3":{"start":{"line":8,"column":17},"end":{"line":8,"column":38}},"4":{"start":{"line":9,"column":4},"end":{"line":9,"column":16}},"5":{"start":{"line":12,"column":23},"end":{"line":27,"column":3}},"6":{"start":{"line":13,"column":21},"end":{"line":23,"column":6}},"7":{"start":{"line":25,"column":17},"end":{"line":25,"column":38}},"8":{"start":{"line":26,"column":4},"end":{"line":26,"column":16}},"9":{"start":{"line":29,"column":27},"end":{"line":35,"column":3}},"10":{"start":{"line":30,"column":16},"end":{"line":30,"column":17}},"11":{"start":{"line":31,"column":4},"end":{"line":33,"column":5}},"12":{"start":{"line":31,"column":17},"end":{"line":31,"column":18}},"13":{"start":{"line":32,"column":6},"end":{"line":32,"column":17}},"14":{"start":{"line":34,"column":4},"end":{"line":34,"column":17}}},"fnMap":{"0":{"name":"(anonymous_0)","decl":{"start":{"line":5,"column":23},"end":{"line":5,"column":24}},"loc":{"start":{"line":5,"column":37},"end":{"line":10,"column":3}},"line":5},"1":{"name":"(anonymous_1)","decl":{"start":{"line":12,"column":23},"end":{"line":12,"column":24}},"loc":{"start":{"line":12,"column":56},"end":{"line":27,"column":3}},"line":12},"2":{"name":"(anonymous_2)","decl":{"start":{"line":29,"column":27},"end":{"line":29,"column":28}},"loc":{"start":{"line":29,"column":37},"end":{"line":35,"column":3}},"line":29}},"branchMap":{},"s":{"0":2,"1":2,"2":0,"3":0,"4":0,"5":2,"6":0,"7":0,"8":0,"9":2,"10":1,"11":1,"12":1,"13":2,"14":1},"f":{"0":0,"1":0,"2":1},"b":{},"_coverageSchema":"1a1c01bbd47fc00a2c39e90264f33305004495a9","hash":"f2d4770e08f735de1228abee4c4254d72dd05315"}
,"/home/grace/javascript-capstone-project/src/likesApi.js": {"path":"/home/grace/javascript-capstone-project/src/likesApi.js","statementMap":{"0":{"start":{"line":2,"column":15},"end":{"line":2,"column":115}},"1":{"start":{"line":4,"column":20},"end":{"line":8,"column":3}},"2":{"start":{"line":5,"column":16},"end":{"line":5,"column":37}},"3":{"start":{"line":6,"column":17},"end":{"line":6,"column":33}},"4":{"start":{"line":7,"column":4},"end":{"line":7,"column":16}},"5":{"start":{"line":10,"column":20},"end":{"line":18,"column":3}},"6":{"start":{"line":11,"column":16},"end":{"line":15,"column":6}},"7":{"start":{"line":16,"column":17},"end":{"line":16,"column":33}},"8":{"start":{"line":17,"column":4},"end":{"line":17,"column":16}}},"fnMap":{"0":{"name":"(anonymous_0)","decl":{"start":{"line":4,"column":20},"end":{"line":4,"column":21}},"loc":{"start":{"line":4,"column":31},"end":{"line":8,"column":3}},"line":4},"1":{"name":"(anonymous_1)","decl":{"start":{"line":10,"column":20},"end":{"line":10,"column":21}},"loc":{"start":{"line":10,"column":35},"end":{"line":18,"column":3}},"line":10}},"branchMap":{},"s":{"0":1,"1":1,"2":0,"3":0,"4":0,"5":1,"6":0,"7":0,"8":0},"f":{"0":0,"1":0},"b":{},"_coverageSchema":"1a1c01bbd47fc00a2c39e90264f33305004495a9","hash":"b09ca99509d04c5520f30563e585141307b82e3f"}
}
